{"C:\\xampp\\htdocs\\BINAR\\GOLD\\CHAPTER 6\\tdd-exercise\\app.js": {"path":"C:\\xampp\\htdocs\\BINAR\\GOLD\\CHAPTER 6\\tdd-exercise\\app.js","statementMap":{"0":{"start":{"line":1,"column":0},"end":{"line":1,"column":27}},"1":{"start":{"line":2,"column":16},"end":{"line":2,"column":34}},"2":{"start":{"line":3,"column":12},"end":{"line":3,"column":21}},"3":{"start":{"line":6,"column":15},"end":{"line":6,"column":47}},"4":{"start":{"line":9,"column":0},"end":{"line":9,"column":23}},"5":{"start":{"line":10,"column":0},"end":{"line":10,"column":50}},"6":{"start":{"line":14,"column":0},"end":{"line":14,"column":43}},"7":{"start":{"line":21,"column":0},"end":{"line":21,"column":21}}},"fnMap":{},"branchMap":{},"s":{"0":1,"1":1,"2":1,"3":1,"4":1,"5":1,"6":1,"7":1},"f":{},"b":{},"_coverageSchema":"1a1c01bbd47fc00a2c39e90264f33305004495a9","hash":"e1aec6b18f2784f840c3a3bb7c4e852ead59ecc0"}
,"C:\\xampp\\htdocs\\BINAR\\GOLD\\CHAPTER 6\\tdd-exercise\\controllers\\client.controller.js": {"path":"C:\\xampp\\htdocs\\BINAR\\GOLD\\CHAPTER 6\\tdd-exercise\\controllers\\client.controller.js","statementMap":{"0":{"start":{"line":1,"column":0},"end":{"line":1,"column":26}},"1":{"start":{"line":2,"column":19},"end":{"line":2,"column":39}},"2":{"start":{"line":3,"column":15},"end":{"line":3,"column":35}},"3":{"start":{"line":5,"column":25},"end":{"line":129,"column":1}},"4":{"start":{"line":8,"column":8},"end":{"line":21,"column":9}},"5":{"start":{"line":9,"column":29},"end":{"line":9,"column":37}},"6":{"start":{"line":10,"column":28},"end":{"line":10,"column":33}},"7":{"start":{"line":11,"column":12},"end":{"line":11,"column":65}},"8":{"start":{"line":11,"column":25},"end":{"line":11,"column":65}},"9":{"start":{"line":12,"column":12},"end":{"line":15,"column":14}},"10":{"start":{"line":17,"column":12},"end":{"line":20,"column":14}},"11":{"start":{"line":26,"column":8},"end":{"line":45,"column":9}},"12":{"start":{"line":28,"column":43},"end":{"line":28,"column":52}},"13":{"start":{"line":29,"column":12},"end":{"line":29,"column":124}},"14":{"start":{"line":29,"column":96},"end":{"line":29,"column":124}},"15":{"start":{"line":31,"column":28},"end":{"line":33,"column":13}},"16":{"start":{"line":34,"column":30},"end":{"line":34,"column":59}},"17":{"start":{"line":35,"column":12},"end":{"line":35,"column":67}},"18":{"start":{"line":35,"column":27},"end":{"line":35,"column":67}},"19":{"start":{"line":36,"column":12},"end":{"line":39,"column":14}},"20":{"start":{"line":41,"column":12},"end":{"line":44,"column":14}},"21":{"start":{"line":50,"column":8},"end":{"line":66,"column":9}},"22":{"start":{"line":51,"column":27},"end":{"line":51,"column":37}},"23":{"start":{"line":52,"column":28},"end":{"line":54,"column":13}},"24":{"start":{"line":55,"column":31},"end":{"line":55,"column":65}},"25":{"start":{"line":56,"column":12},"end":{"line":56,"column":77}},"26":{"start":{"line":56,"column":28},"end":{"line":56,"column":77}},"27":{"start":{"line":57,"column":12},"end":{"line":60,"column":14}},"28":{"start":{"line":62,"column":12},"end":{"line":65,"column":14}},"29":{"start":{"line":71,"column":8},"end":{"line":84,"column":9}},"30":{"start":{"line":72,"column":72},"end":{"line":72,"column":80}},"31":{"start":{"line":73,"column":30},"end":{"line":73,"column":98}},"32":{"start":{"line":74,"column":12},"end":{"line":74,"column":71}},"33":{"start":{"line":74,"column":26},"end":{"line":74,"column":71}},"34":{"start":{"line":75,"column":12},"end":{"line":78,"column":14}},"35":{"start":{"line":80,"column":12},"end":{"line":83,"column":14}},"36":{"start":{"line":89,"column":8},"end":{"line":126,"column":9}},"37":{"start":{"line":91,"column":43},"end":{"line":91,"column":52}},"38":{"start":{"line":92,"column":12},"end":{"line":92,"column":124}},"39":{"start":{"line":92,"column":96},"end":{"line":92,"column":124}},"40":{"start":{"line":94,"column":56},"end":{"line":94,"column":64}},"41":{"start":{"line":95,"column":30},"end":{"line":103,"column":14}},"42":{"start":{"line":106,"column":12},"end":{"line":106,"column":68}},"43":{"start":{"line":106,"column":27},"end":{"line":106,"column":68}},"44":{"start":{"line":108,"column":27},"end":{"line":116,"column":13}},"45":{"start":{"line":117,"column":12},"end":{"line":120,"column":14}},"46":{"start":{"line":122,"column":12},"end":{"line":125,"column":14}},"47":{"start":{"line":131,"column":0},"end":{"line":131,"column":34}}},"fnMap":{"0":{"name":"(anonymous_0)","decl":{"start":{"line":7,"column":14},"end":{"line":7,"column":15}},"loc":{"start":{"line":7,"column":28},"end":{"line":23,"column":5}},"line":7},"1":{"name":"(anonymous_1)","decl":{"start":{"line":25,"column":18},"end":{"line":25,"column":19}},"loc":{"start":{"line":25,"column":38},"end":{"line":47,"column":5}},"line":25},"2":{"name":"(anonymous_2)","decl":{"start":{"line":49,"column":19},"end":{"line":49,"column":20}},"loc":{"start":{"line":49,"column":39},"end":{"line":68,"column":5}},"line":49},"3":{"name":"(anonymous_3)","decl":{"start":{"line":70,"column":18},"end":{"line":70,"column":19}},"loc":{"start":{"line":70,"column":38},"end":{"line":86,"column":5}},"line":70},"4":{"name":"(anonymous_4)","decl":{"start":{"line":88,"column":18},"end":{"line":88,"column":19}},"loc":{"start":{"line":88,"column":38},"end":{"line":127,"column":5}},"line":88}},"branchMap":{"0":{"loc":{"start":{"line":11,"column":12},"end":{"line":11,"column":65}},"type":"if","locations":[{"start":{"line":11,"column":12},"end":{"line":11,"column":65}},{"start":{},"end":{}}],"line":11},"1":{"loc":{"start":{"line":11,"column":15},"end":{"line":11,"column":23}},"type":"binary-expr","locations":[{"start":{"line":11,"column":15},"end":{"line":11,"column":17}},{"start":{"line":11,"column":21},"end":{"line":11,"column":23}}],"line":11},"2":{"loc":{"start":{"line":29,"column":12},"end":{"line":29,"column":124}},"type":"if","locations":[{"start":{"line":29,"column":12},"end":{"line":29,"column":124}},{"start":{},"end":{}}],"line":29},"3":{"loc":{"start":{"line":29,"column":15},"end":{"line":29,"column":94}},"type":"binary-expr","locations":[{"start":{"line":29,"column":15},"end":{"line":29,"column":50}},{"start":{"line":29,"column":54},"end":{"line":29,"column":94}}],"line":29},"4":{"loc":{"start":{"line":35,"column":12},"end":{"line":35,"column":67}},"type":"if","locations":[{"start":{"line":35,"column":12},"end":{"line":35,"column":67}},{"start":{},"end":{}}],"line":35},"5":{"loc":{"start":{"line":56,"column":12},"end":{"line":56,"column":77}},"type":"if","locations":[{"start":{"line":56,"column":12},"end":{"line":56,"column":77}},{"start":{},"end":{}}],"line":56},"6":{"loc":{"start":{"line":74,"column":12},"end":{"line":74,"column":71}},"type":"if","locations":[{"start":{"line":74,"column":12},"end":{"line":74,"column":71}},{"start":{},"end":{}}],"line":74},"7":{"loc":{"start":{"line":92,"column":12},"end":{"line":92,"column":124}},"type":"if","locations":[{"start":{"line":92,"column":12},"end":{"line":92,"column":124}},{"start":{},"end":{}}],"line":92},"8":{"loc":{"start":{"line":92,"column":15},"end":{"line":92,"column":94}},"type":"binary-expr","locations":[{"start":{"line":92,"column":15},"end":{"line":92,"column":50}},{"start":{"line":92,"column":54},"end":{"line":92,"column":94}}],"line":92},"9":{"loc":{"start":{"line":106,"column":12},"end":{"line":106,"column":68}},"type":"if","locations":[{"start":{"line":106,"column":12},"end":{"line":106,"column":68}},{"start":{},"end":{}}],"line":106}},"s":{"0":1,"1":1,"2":1,"3":1,"4":2,"5":2,"6":2,"7":2,"8":1,"9":1,"10":1,"11":2,"12":2,"13":2,"14":1,"15":1,"16":1,"17":1,"18":0,"19":1,"20":1,"21":2,"22":2,"23":2,"24":2,"25":2,"26":1,"27":1,"28":1,"29":1,"30":1,"31":1,"32":1,"33":1,"34":0,"35":1,"36":1,"37":1,"38":1,"39":1,"40":0,"41":0,"42":0,"43":0,"44":0,"45":0,"46":1,"47":1},"f":{"0":2,"1":2,"2":2,"3":1,"4":1},"b":{"0":[1,1],"1":[2,2],"2":[1,1],"3":[2,2],"4":[0,1],"5":[1,1],"6":[1,0],"7":[1,0],"8":[1,1],"9":[0,0]},"_coverageSchema":"1a1c01bbd47fc00a2c39e90264f33305004495a9","hash":"266f99edc20a8870e1958eacdfc8b27ee224dd3a"}
,"C:\\xampp\\htdocs\\BINAR\\GOLD\\CHAPTER 6\\tdd-exercise\\models\\brand.js": {"path":"C:\\xampp\\htdocs\\BINAR\\GOLD\\CHAPTER 6\\tdd-exercise\\models\\brand.js","statementMap":{"0":{"start":{"line":4,"column":4},"end":{"line":4,"column":24}},"1":{"start":{"line":5,"column":0},"end":{"line":25,"column":2}},"2":{"start":{"line":14,"column":6},"end":{"line":14,"column":55}},"3":{"start":{"line":17,"column":2},"end":{"line":23,"column":5}},"4":{"start":{"line":24,"column":2},"end":{"line":24,"column":15}}},"fnMap":{"0":{"name":"(anonymous_0)","decl":{"start":{"line":5,"column":17},"end":{"line":5,"column":18}},"loc":{"start":{"line":5,"column":43},"end":{"line":25,"column":1}},"line":5},"1":{"name":"(anonymous_1)","decl":{"start":{"line":12,"column":4},"end":{"line":12,"column":5}},"loc":{"start":{"line":12,"column":31},"end":{"line":15,"column":5}},"line":12}},"branchMap":{},"s":{"0":1,"1":1,"2":1,"3":1,"4":1},"f":{"0":1,"1":1},"b":{},"_coverageSchema":"1a1c01bbd47fc00a2c39e90264f33305004495a9","hash":"a0c7e99cfd7a166b5447ee85dd631bfc5cfcbde2"}
,"C:\\xampp\\htdocs\\BINAR\\GOLD\\CHAPTER 6\\tdd-exercise\\models\\client.js": {"path":"C:\\xampp\\htdocs\\BINAR\\GOLD\\CHAPTER 6\\tdd-exercise\\models\\client.js","statementMap":{"0":{"start":{"line":4,"column":4},"end":{"line":4,"column":24}},"1":{"start":{"line":5,"column":0},"end":{"line":26,"column":2}},"2":{"start":{"line":16,"column":2},"end":{"line":24,"column":5}},"3":{"start":{"line":25,"column":2},"end":{"line":25,"column":16}}},"fnMap":{"0":{"name":"(anonymous_0)","decl":{"start":{"line":5,"column":17},"end":{"line":5,"column":18}},"loc":{"start":{"line":5,"column":43},"end":{"line":26,"column":1}},"line":5},"1":{"name":"(anonymous_1)","decl":{"start":{"line":12,"column":4},"end":{"line":12,"column":5}},"loc":{"start":{"line":12,"column":29},"end":{"line":14,"column":5}},"line":12}},"branchMap":{},"s":{"0":1,"1":1,"2":1,"3":1},"f":{"0":1,"1":1},"b":{},"_coverageSchema":"1a1c01bbd47fc00a2c39e90264f33305004495a9","hash":"894bb7fc33b8319e7bbfeabcc040452f3b8cadbf"}
,"C:\\xampp\\htdocs\\BINAR\\GOLD\\CHAPTER 6\\tdd-exercise\\models\\client_type.js": {"path":"C:\\xampp\\htdocs\\BINAR\\GOLD\\CHAPTER 6\\tdd-exercise\\models\\client_type.js","statementMap":{"0":{"start":{"line":4,"column":4},"end":{"line":4,"column":24}},"1":{"start":{"line":5,"column":0},"end":{"line":24,"column":2}},"2":{"start":{"line":14,"column":6},"end":{"line":14,"column":60}},"3":{"start":{"line":17,"column":2},"end":{"line":22,"column":5}},"4":{"start":{"line":23,"column":2},"end":{"line":23,"column":21}}},"fnMap":{"0":{"name":"(anonymous_0)","decl":{"start":{"line":5,"column":17},"end":{"line":5,"column":18}},"loc":{"start":{"line":5,"column":43},"end":{"line":24,"column":1}},"line":5},"1":{"name":"(anonymous_1)","decl":{"start":{"line":12,"column":4},"end":{"line":12,"column":5}},"loc":{"start":{"line":12,"column":31},"end":{"line":15,"column":5}},"line":12}},"branchMap":{},"s":{"0":1,"1":1,"2":1,"3":1,"4":1},"f":{"0":1,"1":1},"b":{},"_coverageSchema":"1a1c01bbd47fc00a2c39e90264f33305004495a9","hash":"0ce1a039648e44052d9feb11098a5632b1c44664"}
,"C:\\xampp\\htdocs\\BINAR\\GOLD\\CHAPTER 6\\tdd-exercise\\models\\index.js": {"path":"C:\\xampp\\htdocs\\BINAR\\GOLD\\CHAPTER 6\\tdd-exercise\\models\\index.js","statementMap":{"0":{"start":{"line":3,"column":11},"end":{"line":3,"column":24}},"1":{"start":{"line":4,"column":13},"end":{"line":4,"column":28}},"2":{"start":{"line":5,"column":18},"end":{"line":5,"column":38}},"3":{"start":{"line":6,"column":17},"end":{"line":6,"column":42}},"4":{"start":{"line":7,"column":12},"end":{"line":7,"column":49}},"5":{"start":{"line":8,"column":15},"end":{"line":8,"column":65}},"6":{"start":{"line":9,"column":11},"end":{"line":9,"column":13}},"7":{"start":{"line":12,"column":0},"end":{"line":16,"column":1}},"8":{"start":{"line":13,"column":2},"end":{"line":13,"column":74}},"9":{"start":{"line":15,"column":2},"end":{"line":15,"column":87}},"10":{"start":{"line":18,"column":0},"end":{"line":26,"column":5}},"11":{"start":{"line":21,"column":4},"end":{"line":21,"column":90}},"12":{"start":{"line":24,"column":18},"end":{"line":24,"column":85}},"13":{"start":{"line":25,"column":4},"end":{"line":25,"column":27}},"14":{"start":{"line":28,"column":0},"end":{"line":32,"column":3}},"15":{"start":{"line":29,"column":2},"end":{"line":31,"column":3}},"16":{"start":{"line":30,"column":4},"end":{"line":30,"column":32}},"17":{"start":{"line":34,"column":0},"end":{"line":34,"column":25}},"18":{"start":{"line":35,"column":0},"end":{"line":35,"column":25}},"19":{"start":{"line":37,"column":0},"end":{"line":37,"column":20}}},"fnMap":{"0":{"name":"(anonymous_0)","decl":{"start":{"line":20,"column":10},"end":{"line":20,"column":11}},"loc":{"start":{"line":20,"column":18},"end":{"line":22,"column":3}},"line":20},"1":{"name":"(anonymous_1)","decl":{"start":{"line":23,"column":11},"end":{"line":23,"column":12}},"loc":{"start":{"line":23,"column":19},"end":{"line":26,"column":3}},"line":23},"2":{"name":"(anonymous_2)","decl":{"start":{"line":28,"column":24},"end":{"line":28,"column":25}},"loc":{"start":{"line":28,"column":37},"end":{"line":32,"column":1}},"line":28}},"branchMap":{"0":{"loc":{"start":{"line":7,"column":12},"end":{"line":7,"column":49}},"type":"binary-expr","locations":[{"start":{"line":7,"column":12},"end":{"line":7,"column":32}},{"start":{"line":7,"column":36},"end":{"line":7,"column":49}}],"line":7},"1":{"loc":{"start":{"line":12,"column":0},"end":{"line":16,"column":1}},"type":"if","locations":[{"start":{"line":12,"column":0},"end":{"line":16,"column":1}},{"start":{"line":14,"column":7},"end":{"line":16,"column":1}}],"line":12},"2":{"loc":{"start":{"line":21,"column":11},"end":{"line":21,"column":89}},"type":"binary-expr","locations":[{"start":{"line":21,"column":12},"end":{"line":21,"column":35}},{"start":{"line":21,"column":41},"end":{"line":21,"column":58}},{"start":{"line":21,"column":64},"end":{"line":21,"column":88}}],"line":21},"3":{"loc":{"start":{"line":29,"column":2},"end":{"line":31,"column":3}},"type":"if","locations":[{"start":{"line":29,"column":2},"end":{"line":31,"column":3}},{"start":{},"end":{}}],"line":29}},"s":{"0":1,"1":1,"2":1,"3":1,"4":1,"5":1,"6":1,"7":1,"8":0,"9":1,"10":1,"11":4,"12":3,"13":3,"14":1,"15":3,"16":3,"17":1,"18":1,"19":1},"f":{"0":4,"1":3,"2":3},"b":{"0":[1,0],"1":[0,1],"2":[4,4,3],"3":[3,0]},"_coverageSchema":"1a1c01bbd47fc00a2c39e90264f33305004495a9","hash":"1a5d9fbdbd3fe82ec9d28c06f518b19dbbd5e34f"}
,"C:\\xampp\\htdocs\\BINAR\\GOLD\\CHAPTER 6\\tdd-exercise\\routes\\client.router.js": {"path":"C:\\xampp\\htdocs\\BINAR\\GOLD\\CHAPTER 6\\tdd-exercise\\routes\\client.router.js","statementMap":{"0":{"start":{"line":1,"column":16},"end":{"line":1,"column":34}},"1":{"start":{"line":2,"column":15},"end":{"line":2,"column":31}},"2":{"start":{"line":3,"column":25},"end":{"line":3,"column":68}},"3":{"start":{"line":5,"column":0},"end":{"line":5,"column":47}},"4":{"start":{"line":6,"column":0},"end":{"line":6,"column":51}},"5":{"start":{"line":7,"column":0},"end":{"line":7,"column":54}},"6":{"start":{"line":8,"column":0},"end":{"line":8,"column":53}},"7":{"start":{"line":10,"column":0},"end":{"line":10,"column":24}}},"fnMap":{},"branchMap":{},"s":{"0":1,"1":1,"2":1,"3":1,"4":1,"5":1,"6":1,"7":1},"f":{},"b":{},"_coverageSchema":"1a1c01bbd47fc00a2c39e90264f33305004495a9","hash":"5bd897cdfca11496faabebf2e3bdd58f925ceafd"}
,"C:\\xampp\\htdocs\\BINAR\\GOLD\\CHAPTER 6\\tdd-exercise\\routes\\index.router.js": {"path":"C:\\xampp\\htdocs\\BINAR\\GOLD\\CHAPTER 6\\tdd-exercise\\routes\\index.router.js","statementMap":{"0":{"start":{"line":1,"column":16},"end":{"line":1,"column":34}},"1":{"start":{"line":2,"column":21},"end":{"line":2,"column":47}},"2":{"start":{"line":3,"column":15},"end":{"line":3,"column":31}},"3":{"start":{"line":5,"column":0},"end":{"line":5,"column":36}},"4":{"start":{"line":7,"column":0},"end":{"line":7,"column":23}}},"fnMap":{},"branchMap":{},"s":{"0":1,"1":1,"2":1,"3":1,"4":1},"f":{},"b":{},"_coverageSchema":"1a1c01bbd47fc00a2c39e90264f33305004495a9","hash":"42ce96ead30e20eb4ec9d357732edbb353d1969e"}
}
